<?xml version="1.0" encoding="UTF-8"?>
<testsuite name="EmployeeTest" tests="1" skipped="0" failures="0" errors="0" timestamp="2023-11-17T10:46:17" hostname="HOMEPOLYNEKO" time="0.048">
  <properties/>
  <testcase name="testJsonToList()" classname="EmployeeTest" time="0.048"/>
  <system-out><![CDATA[]]></system-out>
  <system-err><![CDATA[]]></system-err>
</testsuite>
